<?xml version="1.0" encoding="UTF-8"?>
<!-- Generated by org.testng.reporters.JUnitXMLReporter -->
<testsuite ignored="0" hostname="LAPTOP-CJ2139TB" failures="0" tests="3" name="Test1-chrome" time="24.77" errors="0" timestamp="2024-02-19T18:12:17 HNE">
  <testcase classname="LoginPage" name="LoginTest_invalides" time="5.991"/>
  <testcase classname="LoginPage" name="LoginTest_nominal" time="10.743"/>
  <testcase classname="Recherche_produits" name="Verifier_produits_trier" time="0.555"/>
</testsuite> <!-- Test1-chrome -->
