<?xml version="1.0" encoding="UTF-8"?>
<!-- Generated by org.testng.reporters.JUnitXMLReporter -->
<testsuite ignored="0" hostname="LAPTOP-CJ2139TB" failures="0" tests="3" name="Test2-firefox" time="23.041" errors="0" timestamp="2024-02-19T18:12:40 HNE">
  <testcase classname="LoginPage" name="LoginTest_invalides" time="6.065"/>
  <testcase classname="LoginPage" name="LoginTest_nominal" time="10.162"/>
  <testcase classname="Recherche_produits" name="Verifier_produits_trier" time="0.671"/>
</testsuite> <!-- Test2-firefox -->
