<?xml version="1.0" encoding="UTF-8"?>
<testng-results ignored="0" total="6" passed="6" failed="0" skipped="0">
  <reporter-output>
  </reporter-output>
  <suite started-at="2024-02-19T18:11:52 HNE" name="All Test Suite" finished-at="2024-02-19T18:12:40 HNE" duration-ms="47827">
    <groups>
    </groups>
    <test started-at="2024-02-19T18:11:52 HNE" name="Test1-chrome" finished-at="2024-02-19T18:12:17 HNE" duration-ms="24770">
      <class name="Recherche_produits">
        <test-method is-config="true" signature="setUpTest(java.lang.String)[pri:0, instance:Recherche_produits@433d61fb]" started-at="2024-02-19T18:12:14 HNE" name="setUpTest" finished-at="2024-02-19T18:12:16 HNE" duration-ms="1513" status="PASS">
          <params>
            <param index="0">
              <value>
                <![CDATA[chrome]]>
              </value>
            </param>
          </params>
          <reporter-output>
          </reporter-output>
        </test-method> <!-- setUpTest -->
        <test-method signature="Verifier_produits_trier()[pri:0, instance:Recherche_produits@433d61fb]" started-at="2024-02-19T18:12:16 HNE" name="Verifier_produits_trier" finished-at="2024-02-19T18:12:17 HNE" duration-ms="555" status="PASS">
          <reporter-output>
          </reporter-output>
        </test-method> <!-- Verifier_produits_trier -->
        <test-method is-config="true" signature="TearDownTest()[pri:0, instance:Recherche_produits@433d61fb]" started-at="2024-02-19T18:12:17 HNE" name="TearDownTest" finished-at="2024-02-19T18:12:17 HNE" duration-ms="267" status="PASS">
          <reporter-output>
          </reporter-output>
        </test-method> <!-- TearDownTest -->
      </class> <!-- Recherche_produits -->
      <class name="LoginPage">
        <test-method is-config="true" signature="setUpTest(java.lang.String)[pri:0, instance:LoginPage@2f112965]" started-at="2024-02-19T18:11:52 HNE" name="setUpTest" finished-at="2024-02-19T18:11:55 HNE" duration-ms="2773" status="PASS">
          <params>
            <param index="0">
              <value>
                <![CDATA[chrome]]>
              </value>
            </param>
          </params>
          <reporter-output>
          </reporter-output>
        </test-method> <!-- setUpTest -->
        <test-method signature="LoginTest_invalides()[pri:0, instance:LoginPage@2f112965]" started-at="2024-02-19T18:11:55 HNE" name="LoginTest_invalides" finished-at="2024-02-19T18:12:01 HNE" duration-ms="5991" status="PASS">
          <reporter-output>
          </reporter-output>
        </test-method> <!-- LoginTest_invalides -->
        <test-method is-config="true" signature="TearDownTest()[pri:0, instance:LoginPage@2f112965]" started-at="2024-02-19T18:12:01 HNE" name="TearDownTest" finished-at="2024-02-19T18:12:01 HNE" duration-ms="331" status="PASS">
          <reporter-output>
          </reporter-output>
        </test-method> <!-- TearDownTest -->
        <test-method is-config="true" signature="setUpTest(java.lang.String)[pri:0, instance:LoginPage@2f112965]" started-at="2024-02-19T18:12:01 HNE" name="setUpTest" finished-at="2024-02-19T18:12:03 HNE" duration-ms="2205" status="PASS">
          <params>
            <param index="0">
              <value>
                <![CDATA[chrome]]>
              </value>
            </param>
          </params>
          <reporter-output>
          </reporter-output>
        </test-method> <!-- setUpTest -->
        <test-method signature="LoginTest_nominal()[pri:0, instance:LoginPage@2f112965]" started-at="2024-02-19T18:12:03 HNE" name="LoginTest_nominal" finished-at="2024-02-19T18:12:14 HNE" duration-ms="10743" status="PASS">
          <reporter-output>
          </reporter-output>
        </test-method> <!-- LoginTest_nominal -->
        <test-method is-config="true" signature="TearDownTest()[pri:0, instance:LoginPage@2f112965]" started-at="2024-02-19T18:12:14 HNE" name="TearDownTest" finished-at="2024-02-19T18:12:14 HNE" duration-ms="328" status="PASS">
          <reporter-output>
          </reporter-output>
        </test-method> <!-- TearDownTest -->
      </class> <!-- LoginPage -->
    </test> <!-- Test1-chrome -->
    <test started-at="2024-02-19T18:12:17 HNE" name="Test2-firefox" finished-at="2024-02-19T18:12:40 HNE" duration-ms="23041">
      <class name="Recherche_produits">
        <test-method is-config="true" signature="setUpTest(java.lang.String)[pri:0, instance:Recherche_produits@2e4b8173]" started-at="2024-02-19T18:12:37 HNE" name="setUpTest" finished-at="2024-02-19T18:12:39 HNE" duration-ms="1711" status="PASS">
          <params>
            <param index="0">
              <value>
                <![CDATA[edge]]>
              </value>
            </param>
          </params>
          <reporter-output>
          </reporter-output>
        </test-method> <!-- setUpTest -->
        <test-method signature="Verifier_produits_trier()[pri:0, instance:Recherche_produits@2e4b8173]" started-at="2024-02-19T18:12:39 HNE" name="Verifier_produits_trier" finished-at="2024-02-19T18:12:40 HNE" duration-ms="671" status="PASS">
          <reporter-output>
          </reporter-output>
        </test-method> <!-- Verifier_produits_trier -->
        <test-method is-config="true" signature="TearDownTest()[pri:0, instance:Recherche_produits@2e4b8173]" started-at="2024-02-19T18:12:40 HNE" name="TearDownTest" finished-at="2024-02-19T18:12:40 HNE" duration-ms="299" status="PASS">
          <reporter-output>
          </reporter-output>
        </test-method> <!-- TearDownTest -->
      </class> <!-- Recherche_produits -->
      <class name="LoginPage">
        <test-method is-config="true" signature="setUpTest(java.lang.String)[pri:0, instance:LoginPage@72a7c7e0]" started-at="2024-02-19T18:12:17 HNE" name="setUpTest" finished-at="2024-02-19T18:12:19 HNE" duration-ms="1790" status="PASS">
          <params>
            <param index="0">
              <value>
                <![CDATA[edge]]>
              </value>
            </param>
          </params>
          <reporter-output>
          </reporter-output>
        </test-method> <!-- setUpTest -->
        <test-method signature="LoginTest_invalides()[pri:0, instance:LoginPage@72a7c7e0]" started-at="2024-02-19T18:12:19 HNE" name="LoginTest_invalides" finished-at="2024-02-19T18:12:25 HNE" duration-ms="6065" status="PASS">
          <reporter-output>
          </reporter-output>
        </test-method> <!-- LoginTest_invalides -->
        <test-method is-config="true" signature="TearDownTest()[pri:0, instance:LoginPage@72a7c7e0]" started-at="2024-02-19T18:12:25 HNE" name="TearDownTest" finished-at="2024-02-19T18:12:25 HNE" duration-ms="321" status="PASS">
          <reporter-output>
          </reporter-output>
        </test-method> <!-- TearDownTest -->
        <test-method is-config="true" signature="setUpTest(java.lang.String)[pri:0, instance:LoginPage@72a7c7e0]" started-at="2024-02-19T18:12:25 HNE" name="setUpTest" finished-at="2024-02-19T18:12:27 HNE" duration-ms="1609" status="PASS">
          <params>
            <param index="0">
              <value>
                <![CDATA[edge]]>
              </value>
            </param>
          </params>
          <reporter-output>
          </reporter-output>
        </test-method> <!-- setUpTest -->
        <test-method signature="LoginTest_nominal()[pri:0, instance:LoginPage@72a7c7e0]" started-at="2024-02-19T18:12:27 HNE" name="LoginTest_nominal" finished-at="2024-02-19T18:12:37 HNE" duration-ms="10162" status="PASS">
          <reporter-output>
          </reporter-output>
        </test-method> <!-- LoginTest_nominal -->
        <test-method is-config="true" signature="TearDownTest()[pri:0, instance:LoginPage@72a7c7e0]" started-at="2024-02-19T18:12:37 HNE" name="TearDownTest" finished-at="2024-02-19T18:12:37 HNE" duration-ms="396" status="PASS">
          <reporter-output>
          </reporter-output>
        </test-method> <!-- TearDownTest -->
      </class> <!-- LoginPage -->
    </test> <!-- Test2-firefox -->
  </suite> <!-- All Test Suite -->
</testng-results>
